20230302	22:51:13	9bd0b303-5d80-40af-9229-a9ac53c906c3	GET	/	undefined
20230302	22:51:13	a5ce8993-bdad-4a5d-b90c-e0c0265d49d9	GET	/css/style.css	undefined
20230303	01:39:27	fb94d795-1581-41bb-899c-1190b0f75b5c	GET	/	undefined
20230303	01:39:27	4ccb7a62-0474-46f8-a4f4-6e114f39b9eb	GET	/css/style.css	undefined
20230303	01:40:22	880b83c8-990f-44ab-942f-d1ac4a37c2ef	GET	/css/style.css	undefined
20230303	01:40:42	be8bfc5e-9168-4c64-bdfa-a310fecc8111	GET	/	undefined
20230303	01:45:09	ecfd05d1-329f-4d82-9d5e-1a40857bebd4	GET	/	undefined
20230303	01:45:09	3e1e9114-1cad-414b-9a50-5a0faa0899f4	GET	/css/style.css	undefined
20230303	01:49:11	4d8905ef-7ccd-4fc6-9ad1-ff6c6838588e	OPTIONS	/	https://www.google.com
20230303	01:49:11	24c9d0ae-55b3-44be-ad7b-615b4bccd240	GET	/	https://www.google.com
20230303	11:52:09	7078d819-331c-41ca-a482-5d790c0647d0	GET	/	undefined
20230303	11:52:09	9e21419d-c681-403f-a5f6-4b526af766f2	GET	/css/style.css	undefined
20230303	11:52:15	606f1ea4-c7cf-454e-83cc-70ce5a3d335b	GET	/favicon.ico	undefined
20230303	11:53:22	dd465b4a-61f9-4e46-be2e-02e668bacdbb	POST	/bus	undefined
20230303	11:54:49	3aac140b-0c7c-450b-bbac-f081f59d56e6	POST	/bus	undefined
20230303	11:55:46	8ea06f8c-65c6-4c5c-bdeb-a3b6a2356abc	POST	/bus	undefined
20230303	15:18:30	181482e8-24d4-459e-b5dc-b951881b9c55	GET	/	undefined
20230303	15:18:30	efa406f8-3729-4f5c-ac1d-eefc2fb7ab2c	GET	/css/style.css	undefined
20230303	15:18:30	83bd22f8-2d70-4041-8e6b-1ce177bd16e4	GET	/favicon.ico	undefined
20230303	15:19:50	bd82779f-b62a-4b23-8f38-68da2a51391d	GET	/	undefined
20230303	15:19:50	28248b90-14b0-46a1-8500-e273f4c31268	GET	/css/style.css	undefined
20230303	15:19:54	2e599332-45c5-4515-8518-d11def597583	GET	/	undefined
20230303	15:19:54	07889f3d-76cb-425b-a307-22b32a1d2902	GET	/css/style.css	undefined
20230303	15:20:55	4e2ac359-2dd8-458c-a96b-eb3894fceece	GET	/	undefined
20230303	15:20:55	1769edff-1c1e-435e-8d0a-606ee5af9dd0	GET	/css/style.css	undefined
20230303	15:21:10	3a746e3d-4d80-460e-b5d0-64aa761fa459	GET	/	undefined
20230303	15:21:10	42a3be7c-c607-4cd9-8d5b-0b1e019cc780	GET	/css/style.css	undefined
20230303	15:21:11	6f854376-7965-4332-8670-88e9bce37fe3	GET	/	undefined
20230303	15:21:11	74b925c6-b384-467f-bd87-37b169cb7dbb	GET	/css/style.css	undefined
20230303	15:21:12	208eb4bc-c03e-49a0-8659-4ec029ee62f9	GET	/	undefined
20230303	15:21:12	2779563f-d60f-4806-9fb2-930dcbbd8938	GET	/css/style.css	undefined
20230303	15:21:12	3708b23e-2f5d-435e-bbab-86299b3c5e26	GET	/	undefined
20230303	15:21:12	b9e326d9-aba2-4d17-9cb1-a69a4ced6b91	GET	/css/style.css	undefined
20230303	15:21:13	ad73dc33-eb70-4e48-8644-a65e263a9d3c	GET	/	undefined
20230303	15:21:13	6b9f0daa-5665-4d20-9916-18a80244a73c	GET	/css/style.css	undefined
20230303	15:21:13	0d469452-f8ce-450d-b4e7-c91cfec68f57	GET	/	undefined
20230303	15:21:13	a30d40d6-fdf2-49b6-a106-c26d27259db7	GET	/css/style.css	undefined
20230303	15:21:13	11d1f7d7-d426-4a1f-a14c-9aed37097e35	GET	/	undefined
20230303	15:21:13	8fca8ca9-9789-4a7d-aa56-25f7c1b7354f	GET	/css/style.css	undefined
20230303	15:21:13	f40dfc44-cf4c-4a35-a423-8cfb556b5abb	GET	/	undefined
20230303	15:21:13	157c5ff0-6a59-4544-94ec-44b9e253295c	GET	/css/style.css	undefined
20230303	15:21:14	0cf56bcc-54ef-4df3-93b6-9fff15fedc1a	GET	/	undefined
20230303	15:21:14	f036305a-e260-455a-b99f-6c05efafde26	GET	/css/style.css	undefined
20230303	15:21:14	232becfb-8c98-4092-92af-7b0fd8fb538a	GET	/	undefined
20230303	15:21:14	da1eee82-bc14-4ee3-ac5f-14cc02687b58	GET	/css/style.css	undefined
20230303	15:21:14	97dc7058-3544-48d4-ab74-7a30815d96cf	GET	/	undefined
20230303	15:21:14	9abb411c-9246-4954-bedb-5bf245a8e845	GET	/css/style.css	undefined
20230303	15:21:14	d43596ae-32aa-489e-ac51-d76f199f415f	GET	/	undefined
20230303	15:21:15	7243c204-4190-40c3-b018-44392e57de51	GET	/css/style.css	undefined
20230303	15:23:20	02911232-5787-41d7-9882-326062d43cf6	GET	/	undefined
20230303	15:23:20	d9542182-b4a0-40ea-9eaa-874ecb6228a6	GET	/css/style.css	undefined
20230303	15:31:47	bebcdd6a-c860-4292-8c05-c709da441543	GET	/	undefined
20230303	15:31:47	c5fe4316-75ef-4216-8f28-8ed147041dab	GET	/css/style.css	undefined
20230303	15:31:47	e3bacc4b-b3b3-439b-88b7-2ba4f6a14eac	GET	/favicon.ico	undefined
20230303	16:18:10	c0ca4554-ccfb-4a18-8146-4b849889c244	GET	/	undefined
20230303	16:18:11	6e087c47-7372-4a9b-8fed-0ef0fe01c29a	GET	/css/style.css	undefined
20230303	16:18:31	d870b313-89bd-495f-803a-83f613e2d273	POST	/bus	undefined
20230303	18:29:38	deea739d-fabc-46ce-b80d-fbea1b93de40	GET	/	undefined
20230303	18:29:38	1e9d6db8-a415-43b0-a96b-b9206980dfd5	GET	/css/style.css	undefined
20230303	19:13:08	c83c0da2-184f-46e6-a3ab-6f20de36e337	GET	/user	undefined
20230303	19:18:07	bee1e128-07d9-4bd7-a928-6e74d73b3bd4	GET	/user	undefined
20230306	12:12:25	bc5608b6-494a-45ac-9209-a643b0837f80	GET	/	undefined
20230306	12:12:25	42a5e650-d89a-4bff-bdbd-5fe1d2f0273e	GET	/css/style.css	undefined
20230306	12:12:25	a5df44d8-aaba-444a-96ec-3bc9a1e5f1a3	GET	/favicon.ico	undefined
20230306	12:12:27	00cc7271-5ab1-4af9-824b-7389d3574c48	GET	/css/style.css	undefined
20230307	11:36:44	e9e81290-f452-4908-8203-641556c95027	POST	/user	undefined
20230307	11:38:15	f5a7a300-54c6-4809-84c3-5ee264185939	POST	/user	undefined
20230307	15:39:28	5eb4e6ae-e8dd-4b4e-9b3d-b622f1facf91	POST	/user	undefined
20230307	15:40:09	63874f64-022f-44f4-8a34-a790b45d2db3	POST	/user	undefined
20230307	15:40:32	81cb7bf4-ecce-492e-a9b8-85d5515777c2	GET	/user	undefined
20230307	15:48:07	7caa2bba-4390-4e79-9208-2798bb7c2c02	GET	/user	undefined
20230307	15:48:19	1d96ebc8-b8bd-4dc1-82c1-f3f0fac6d7eb	POST	/user	undefined
20230307	15:49:14	3b1d4d07-6971-4487-a40b-db284c6334db	POST	/user	undefined
20230307	15:49:29	eae36dc6-bb81-46c6-86d6-072d239632ff	GET	/user	undefined
20230307	16:13:19	1145c92d-cdf3-4e5a-968e-7f017ed126d9	PATCH	/user/64070651c78e0b03ca696595	undefined
20230307	16:17:15	bbcb34a4-31ac-44c5-a81a-eec4fb1222b0	PATCH	/user/64070651c78e0b03ca696595	undefined
20230307	16:17:44	93c65de9-60bc-4ccd-8a49-80749a4ac564	PATCH	/user/64070651c78e0b03ca696595	undefined
20230307	16:19:15	84b61a34-6df6-4365-8d8e-df32ca19ae7f	PATCH	/user	undefined
20230307	16:19:32	17a2a446-27fe-4fa4-94b5-50417d7f732d	PATCH	/user	undefined
20230307	16:20:32	7b32e5c6-3547-444b-9456-2ffa7e8b4f4f	PATCH	/user	undefined
20230307	16:21:27	6a7772b2-70cb-46a2-8e28-41b82367ad9a	GET	/user	undefined
20230307	16:22:14	400be649-5a46-418f-8a9e-0e84fb7de0db	GET	/user	undefined
20230307	16:22:24	d355ddc5-794f-43ea-b3af-a8a2e69fe836	PATCH	/user	undefined
20230307	16:22:32	77c735a3-6dd7-4759-ad3b-7de3738bd0a0	PATCH	/user	undefined
20230307	16:23:10	1bc443fd-379c-4992-b35a-7222f7818f5b	PATCH	/user	undefined
20230307	16:24:54	f0c8a748-eaa3-4b0a-96c5-0151386e3e7c	PATCH	/user	undefined
20230307	16:28:31	be8c401e-318b-4462-807b-93b71e8f2d14	PATCH	/user	undefined
20230307	22:54:15	fec98feb-575b-4507-8066-b661994fa7b9	GET	/user	undefined
20230307	22:54:50	14bef696-8506-4ae0-8524-af0a33fe283e	GET	/user	undefined
20230307	22:54:54	ca25e8b1-69d5-4d3e-b9fc-dd2f0f1954d1	POST	/user	undefined
20230307	22:56:19	ae5ca666-8194-4d31-bdee-39b26becae86	PATCH	/user	undefined
20230307	22:56:27	4801fbce-6856-405e-9983-25e52a779bb6	PATCH	/user	undefined
20230307	22:56:37	c1c5dc1c-3f65-4d73-9856-2ec19b28027c	PATCH	/user	undefined
20230307	22:58:15	ddd14d98-5618-46b9-a2cb-5a609fd552c0	PATCH	/user	undefined
20230307	23:02:32	828d6c56-d9eb-49de-a691-dfc42a1c506b	DELETE	/user	undefined
20230307	23:03:12	ac254e73-e492-453d-bf94-99adaaea16a9	GET	/user	undefined
20230307	23:03:56	33ef4661-a27b-4af5-a992-f1492de5419c	DELETE	/user	undefined
20230307	23:04:03	d34785a8-4c8f-4509-97bc-f9ea11b28121	GET	/user	undefined
20230307	23:11:28	f585a606-b622-44bd-aef5-55165294d6aa	PATCH	/user	undefined
20230307	23:15:07	05d2003b-a244-4a22-a134-db06c2ffd007	PATCH	/user	undefined
20230307	23:15:23	6b683194-ac6d-4822-95a1-9cfa809b91f1	GET	/user	undefined
20230307	23:15:53	16867242-840b-44a4-9621-f115b102292b	PATCH	/user	undefined
20230307	23:15:58	7a32dd1b-9352-4410-942e-d0d49a34cbea	GET	/user	undefined
20230307	23:22:05	35302e8f-7adb-4da9-a780-139afd42a6d7	PATCH	/user	undefined
20230307	23:22:41	cdb69c9f-1b04-4bc1-83be-267b501a407e	PATCH	/user	undefined
20230307	23:23:16	469a7849-4f5c-48af-a136-a126d6930424	PATCH	/user	undefined
20230307	23:23:37	370489d7-1517-4a66-ae27-5a8ce7c1debb	PATCH	/user	undefined
20230307	23:23:43	04217eb2-19ab-4eb0-9312-741d623135a8	PATCH	/user	undefined
20230307	23:23:48	c80b7e0f-e4b2-4d47-b0f4-a29078715407	PATCH	/user	undefined
20230307	23:24:12	d12a7e24-51ef-4f45-ab52-0f94f4327626	POST	/user	undefined
20230307	23:24:31	3cc03b7f-687b-4a85-b999-58791cafcbf4	POST	/user	undefined
20230307	23:24:41	391d91bd-7b18-4e93-bffe-c56fc3486d22	GET	/user	undefined
